# JRE version: OpenJDK Runtime Environment (8.0_252-b09) (build 1.8.0_252-8u252-b09-1~18.04-b09)
# Java VM: OpenJDK 64-Bit Server VM (25.252-b09 mixed mode linux-amd64 compressed oops)
Heap:
 def new generation   total 55616K, used 41097K [0x00000000f0800000, 0x00000000f4450000, 0x00000000f5aa0000)
  eden space 49472K,  80% used [0x00000000f0800000, 0x00000000f2f1aab0, 0x00000000f3850000)
  from space 6144K,  17% used [0x00000000f3e50000, 0x00000000f3f57d40, 0x00000000f4450000)
  to   space 6144K,   6% used [0x00000000f3850000, 0x00000000f38ba6e0, 0x00000000f3e50000)
 tenured generation   total 152772K, used 152466K [0x00000000f5aa0000, 0x00000000fefd1000, 0x0000000100000000)
   the space 152772K,  99% used [0x00000000f5aa0000, 0x00000000fef849d0, 0x00000000fef84a00, 0x00000000fefd1000)
 Metaspace       used 39864K, capacity 41166K, committed 41344K, reserved 1085440K
  class space    used 4338K, capacity 4655K, committed 4736K, reserved 1048576K
GC Heap History (10 events):
Event: 280.360 GC heap after
Heap after GC invocations=163 (full 8):
 def new generation   total 55616K, used 6143K [0x00000000f0800000, 0x00000000f4450000, 0x00000000f5aa0000)
  eden space 49472K,   0% used [0x00000000f0800000, 0x00000000f0800000, 0x00000000f3850000)
  from space 6144K,  99% used [0x00000000f3e50000, 0x00000000f444fff8, 0x00000000f4450000)
  to   space 6144K,   0% used [0x00000000f3850000, 0x00000000f3850000, 0x00000000f3e50000)
 tenured generation   total 123468K, used 119637K [0x00000000f5aa0000, 0x00000000fd333000, 0x0000000100000000)
   the space 123468K,  96% used [0x00000000f5aa0000, 0x00000000fcf75480, 0x00000000fcf75600, 0x00000000fd333000)
 Metaspace       used 38503K, capacity 39760K, committed 39808K, reserved 1085440K
  class space    used 4167K, capacity 4443K, committed 4480K, reserved 1048576K
}
Event: 280.881 GC heap before
{Heap before GC invocations=163 (full 8):
 def new generation   total 55616K, used 55615K [0x00000000f0800000, 0x00000000f4450000, 0x00000000f5aa0000)
  eden space 49472K, 100% used [0x00000000f0800000, 0x00000000f3850000, 0x00000000f3850000)
  from space 6144K,  99% used [0x00000000f3e50000, 0x00000000f444fff8, 0x00000000f4450000)
  to   space 6144K,   0% used [0x00000000f3850000, 0x00000000f3850000, 0x00000000f3e50000)
 tenured generation   total 123468K, used 119637K [0x00000000f5aa0000, 0x00000000fd333000, 0x0000000100000000)
   the space 123468K,  96% used [0x00000000f5aa0000, 0x00000000fcf75480, 0x00000000fcf75600, 0x00000000fd333000)
 Metaspace       used 38556K, capacity 39762K, committed 39808K, reserved 1085440K
  class space    used 4171K, capacity 4445K, committed 4480K, reserved 1048576K
Event: 280.900 GC heap after
Heap after GC invocations=164 (full 8):
 def new generation   total 55616K, used 3415K [0x00000000f0800000, 0x00000000f4450000, 0x00000000f5aa0000)
  eden space 49472K,   0% used [0x00000000f0800000, 0x00000000f0800000, 0x00000000f3850000)
  from space 6144K,  55% used [0x00000000f3850000, 0x00000000f3ba5e38, 0x00000000f3e50000)
  to   space 6144K,   0% used [0x00000000f3e50000, 0x00000000f3e50000, 0x00000000f4450000)
 tenured generation   total 123468K, used 120614K [0x00000000f5aa0000, 0x00000000fd333000, 0x0000000100000000)
   the space 123468K,  97% used [0x00000000f5aa0000, 0x00000000fd069840, 0x00000000fd069a00, 0x00000000fd333000)
 Metaspace       used 38556K, capacity 39762K, committed 39808K, reserved 1085440K
  class space    used 4171K, capacity 4445K, committed 4480K, reserved 1048576K
}
Event: 281.396 GC heap before
{Heap before GC invocations=164 (full 8):
 def new generation   total 55616K, used 52887K [0x00000000f0800000, 0x00000000f4450000, 0x00000000f5aa0000)
  eden space 49472K, 100% used [0x00000000f0800000, 0x00000000f3850000, 0x00000000f3850000)
  from space 6144K,  55% used [0x00000000f3850000, 0x00000000f3ba5e38, 0x00000000f3e50000)
  to   space 6144K,   0% used [0x00000000f3e50000, 0x00000000f3e50000, 0x00000000f4450000)
 tenured generation   total 123468K, used 120614K [0x00000000f5aa0000, 0x00000000fd333000, 0x0000000100000000)
   the space 123468K,  97% used [0x00000000f5aa0000, 0x00000000fd069840, 0x00000000fd069a00, 0x00000000fd333000)
 Metaspace       used 38564K, capacity 39768K, committed 39808K, reserved 1085440K
  class space    used 4171K, capacity 4446K, committed 4480K, reserved 1048576K
Event: 281.404 GC heap after
Heap after GC invocations=165 (full 8):
 def new generation   total 55616K, used 2591K [0x00000000f0800000, 0x00000000f4450000, 0x00000000f5aa0000)
  eden space 49472K,   0% used [0x00000000f0800000, 0x00000000f0800000, 0x00000000f3850000)
  from space 6144K,  42% used [0x00000000f3e50000, 0x00000000f40d7cf0, 0x00000000f4450000)
  to   space 6144K,   0% used [0x00000000f3850000, 0x00000000f3850000, 0x00000000f3e50000)
 tenured generation   total 123468K, used 121091K [0x00000000f5aa0000, 0x00000000fd333000, 0x0000000100000000)
   the space 123468K,  98% used [0x00000000f5aa0000, 0x00000000fd0e0c40, 0x00000000fd0e0e00, 0x00000000fd333000)
 Metaspace       used 38564K, capacity 39768K, committed 39808K, reserved 1085440K
  class space    used 4171K, capacity 4446K, committed 4480K, reserved 1048576K
}
Event: 282.440 GC heap before
{Heap before GC invocations=165 (full 8):
 def new generation   total 55616K, used 52063K [0x00000000f0800000, 0x00000000f4450000, 0x00000000f5aa0000)
  eden space 49472K, 100% used [0x00000000f0800000, 0x00000000f3850000, 0x00000000f3850000)
  from space 6144K,  42% used [0x00000000f3e50000, 0x00000000f40d7cf0, 0x00000000f4450000)
  to   space 6144K,   0% used [0x00000000f3850000, 0x00000000f3850000, 0x00000000f3e50000)
 tenured generation   total 123468K, used 121091K [0x00000000f5aa0000, 0x00000000fd333000, 0x0000000100000000)
   the space 123468K,  98% used [0x00000000f5aa0000, 0x00000000fd0e0c40, 0x00000000fd0e0e00, 0x00000000fd333000)
 Metaspace       used 39499K, capacity 40776K, committed 40960K, reserved 1085440K
  class space    used 4299K, capacity 4590K, committed 4608K, reserved 1048576K
Event: 282.463 GC heap after
Heap after GC invocations=166 (full 8):
 def new generation   total 55616K, used 6144K [0x00000000f0800000, 0x00000000f4450000, 0x00000000f5aa0000)
  eden space 49472K,   0% used [0x00000000f0800000, 0x00000000f0800000, 0x00000000f3850000)
  from space 6144K, 100% used [0x00000000f3850000, 0x00000000f3e50000, 0x00000000f3e50000)
  to   space 6144K,   0% used [0x00000000f3e50000, 0x00000000f3e50000, 0x00000000f4450000)
 tenured generation   total 123468K, used 121841K [0x00000000f5aa0000, 0x00000000fd333000, 0x0000000100000000)
   the space 123468K,  98% used [0x00000000f5aa0000, 0x00000000fd19c690, 0x00000000fd19c800, 0x00000000fd333000)
 Metaspace       used 39499K, capacity 40776K, committed 40960K, reserved 1085440K
  class space    used 4299K, capacity 4590K, committed 4608K, reserved 1048576K
}
Event: 282.963 GC heap before
{Heap before GC invocations=166 (full 8):
 def new generation   total 55616K, used 53883K [0x00000000f0800000, 0x00000000f4450000, 0x00000000f5aa0000)
  eden space 49472K,  96% used [0x00000000f0800000, 0x00000000f369ee00, 0x00000000f3850000)
  from space 6144K, 100% used [0x00000000f3850000, 0x00000000f3e50000, 0x00000000f3e50000)
  to   space 6144K,   0% used [0x00000000f3e50000, 0x00000000f3e50000, 0x00000000f4450000)
 tenured generation   total 123468K, used 121841K [0x00000000f5aa0000, 0x00000000fd333000, 0x0000000100000000)
   the space 123468K,  98% used [0x00000000f5aa0000, 0x00000000fd19c690, 0x00000000fd19c800, 0x00000000fd333000)
 Metaspace       used 39855K, capacity 41166K, committed 41344K, reserved 1085440K
  class space    used 4338K, capacity 4655K, committed 4736K, reserved 1048576K
Event: 282.968 GC heap after
Heap after GC invocations=167 (full 8):
 def new generation   total 55616K, used 1055K [0x00000000f0800000, 0x00000000f4450000, 0x00000000f5aa0000)
  eden space 49472K,   0% used [0x00000000f0800000, 0x00000000f0800000, 0x00000000f3850000)
  from space 6144K,  17% used [0x00000000f3e50000, 0x00000000f3f57d40, 0x00000000f4450000)
  to   space 6144K,   0% used [0x00000000f3850000, 0x00000000f3850000, 0x00000000f3e50000)
 tenured generation   total 123468K, used 123169K [0x00000000f5aa0000, 0x00000000fd333000, 0x0000000100000000)
   the space 123468K,  99% used [0x00000000f5aa0000, 0x00000000fd2e8620, 0x00000000fd2e8800, 0x00000000fd333000)
 Metaspace       used 39855K, capacity 41166K, committed 41344K, reserved 1085440K
  class space    used 4338K, capacity 4655K, committed 4736K, reserved 1048576K
}
Event: 283.023 GC heap before
{Heap before GC invocations=167 (full 8):
 def new generation   total 55616K, used 41097K [0x00000000f0800000, 0x00000000f4450000, 0x00000000f5aa0000)
  eden space 49472K,  80% used [0x00000000f0800000, 0x00000000f2f1aab0, 0x00000000f3850000)
  from space 6144K,  17% used [0x00000000f3e50000, 0x00000000f3f57d40, 0x00000000f4450000)
  to   space 6144K,   0% used [0x00000000f3850000, 0x00000000f3850000, 0x00000000f3e50000)
 tenured generation   total 123468K, used 123169K [0x00000000f5aa0000, 0x00000000fd333000, 0x0000000100000000)
   the space 123468K,  99% used [0x00000000f5aa0000, 0x00000000fd2e8620, 0x00000000fd2e8800, 0x00000000fd333000)
 Metaspace       used 39864K, capacity 41166K, committed 41344K, reserved 1085440K
  class space    used 4338K, capacity 4655K, committed 4736K, reserved 1048576K

